0 info it worked if it ends with ok
1 verbose cli [ 'C:\\Program Files\\nodejs\\node.exe',
1 verbose cli   'C:\\Users\\PrimalFixik\\AppData\\Roaming\\npm\\node_modules\\npm\\bin\\npm-cli.js',
1 verbose cli   'start' ]
2 info using npm@3.10.10
3 info using node@v10.15.0
4 verbose run-script [ 'prestart', 'start', 'poststart' ]
5 info lifecycle react-redux-node@0.0.0~prestart: react-redux-node@0.0.0
6 silly lifecycle react-redux-node@0.0.0~prestart: no script for prestart, continuing
7 info lifecycle react-redux-node@0.0.0~start: react-redux-node@0.0.0
8 verbose lifecycle react-redux-node@0.0.0~start: unsafe-perm in lifecycle true
9 verbose lifecycle react-redux-node@0.0.0~start: PATH: C:\Users\PrimalFixik\AppData\Roaming\npm\node_modules\npm\bin\node-gyp-bin;D:\_React\react-redux-node\node_modules\.bin;C:\Program Files\NVIDIA GPU Computing Toolkit\CUDA\v10.1\bin;C:\Program Files\NVIDIA GPU Computing Toolkit\CUDA\v10.1\libnvvp;C:\Program Files (x86)\Common Files\Oracle\Java\javapath;C:\Windows\system32;C:\Windows;C:\Windows\System32\Wbem;C:\Windows\System32\WindowsPowerShell\v1.0\;C:\Windows\System32\OpenSSH\;C:\Program Files\dotnet\;C:\Program Files\Microsoft SQL Server\130\Tools\Binn\;C:\Program Files (x86)\NVIDIA Corporation\PhysX\Common;c:\Program Files (x86)\Microsoft SQL Server\110\Tools\Binn\;c:\Program Files\Microsoft SQL Server\110\Tools\Binn\;c:\Program Files\Microsoft SQL Server\110\DTS\Binn\;C:\Program Files\NVIDIA Corporation\NVIDIA NvDLISR;C:\Program Files\nodejs\;C:\Program Files\Git\cmd;C:\Program Files\NVIDIA Corporation\Nsight Compute 2019.3.0\;C:\ProgramData\chocolatey\bin;C:\Users\PrimalFixik\AppData\Local\Programs\Python\Python36\Scripts\;C:\Users\PrimalFixik\AppData\Local\Programs\Python\Python36\;C:\Users\PrimalFixik\AppData\Local\Microsoft\WindowsApps;C:\Users\PrimalFixik\AppData\Roaming\npm;C:\Users\PrimalFixik\AppData\Local\Programs\Microsoft VS Code\bin;D:\Bazel;C:\msys64\usr\bin;C:\ProgramData\chocolatey\lib\msys2;C:\tools\msys64;C:\Users\PrimalFixik\AppData\Local\Programs\Python\Python37-32\Scripts;C:\Program Files (x86)\Google\google_appengine\
10 verbose lifecycle react-redux-node@0.0.0~start: CWD: D:\_React\react-redux-node
11 silly lifecycle react-redux-node@0.0.0~start: Args: [ '/d /s /c', 'node ./bin/www' ]
12 silly lifecycle react-redux-node@0.0.0~start: Returned: code: 3221225786  signal: null
13 info lifecycle react-redux-node@0.0.0~start: Failed to exec start script
14 verbose stack Error: react-redux-node@0.0.0 start: `node ./bin/www`
14 verbose stack Exit status 3221225786
14 verbose stack     at EventEmitter.<anonymous> (C:\Users\PrimalFixik\AppData\Roaming\npm\node_modules\npm\lib\utils\lifecycle.js:255:16)
14 verbose stack     at EventEmitter.emit (events.js:182:13)
14 verbose stack     at ChildProcess.<anonymous> (C:\Users\PrimalFixik\AppData\Roaming\npm\node_modules\npm\lib\utils\spawn.js:40:14)
14 verbose stack     at ChildProcess.emit (events.js:182:13)
14 verbose stack     at maybeClose (internal/child_process.js:962:16)
14 verbose stack     at Process.ChildProcess._handle.onexit (internal/child_process.js:251:5)
15 verbose pkgid react-redux-node@0.0.0
16 verbose cwd D:\_React\react-redux-node
17 error Windows_NT 10.0.17134
18 error argv "C:\\Program Files\\nodejs\\node.exe" "C:\\Users\\PrimalFixik\\AppData\\Roaming\\npm\\node_modules\\npm\\bin\\npm-cli.js" "start"
19 error node v10.15.0
20 error npm  v3.10.10
21 error code ELIFECYCLE
22 error react-redux-node@0.0.0 start: `node ./bin/www`
22 error Exit status 3221225786
23 error Failed at the react-redux-node@0.0.0 start script 'node ./bin/www'.
23 error Make sure you have the latest version of node.js and npm installed.
23 error If you do, this is most likely a problem with the react-redux-node package,
23 error not with npm itself.
23 error Tell the author that this fails on your system:
23 error     node ./bin/www
23 error You can get information on how to open an issue for this project with:
23 error     npm bugs react-redux-node
23 error Or if that isn't available, you can get their info via:
23 error     npm owner ls react-redux-node
23 error There is likely additional logging output above.
24 verbose exit [ 1, true ]
